Determining if the pthread_create exist failed with the following output:
Change Dir: /home/cvl/catkin_daq/read_imu/build/CMakeFiles/CMakeTmp

Run Build Command:/usr/bin/make "cmTryCompileExec2944545882/fast"
/usr/bin/make -f CMakeFiles/cmTryCompileExec2944545882.dir/build.make CMakeFiles/cmTryCompileExec2944545882.dir/build
make[1]: Entering directory `/home/cvl/catkin_daq/read_imu/build/CMakeFiles/CMakeTmp'
/usr/bin/cmake -E cmake_progress_report /home/cvl/catkin_daq/read_imu/build/CMakeFiles/CMakeTmp/CMakeFiles 1
Building C object CMakeFiles/cmTryCompileExec2944545882.dir/CheckSymbolExists.c.o
/usr/bin/cc    -o CMakeFiles/cmTryCompileExec2944545882.dir/CheckSymbolExists.c.o   -c /home/cvl/catkin_daq/read_imu/build/CMakeFiles/CMakeTmp/CheckSymbolExists.c
Linking C executable cmTryCompileExec2944545882
/usr/bin/cmake -E cmake_link_script CMakeFiles/cmTryCompileExec2944545882.dir/link.txt --verbose=1
/usr/bin/cc       CMakeFiles/cmTryCompileExec2944545882.dir/CheckSymbolExists.c.o  -o cmTryCompileExec2944545882 -rdynamic 
CMakeFiles/cmTryCompileExec2944545882.dir/CheckSymbolExists.c.o: In function `main':
CheckSymbolExists.c:(.text+0x16): undefined reference to `pthread_create'
collect2: error: ld returned 1 exit status
make[1]: *** [cmTryCompileExec2944545882] Error 1
make[1]: Leaving directory `/home/cvl/catkin_daq/read_imu/build/CMakeFiles/CMakeTmp'
make: *** [cmTryCompileExec2944545882/fast] Error 2

File /home/cvl/catkin_daq/read_imu/build/CMakeFiles/CMakeTmp/CheckSymbolExists.c:
/* */
#include <pthread.h>

int main(int argc, char** argv)
{
  (void)argv;
#ifndef pthread_create
  return ((int*)(&pthread_create))[argc];
#else
  (void)argc;
  return 0;
#endif
}

Determining if the function pthread_create exists in the pthreads failed with the following output:
Change Dir: /home/cvl/catkin_daq/read_imu/build/CMakeFiles/CMakeTmp

Run Build Command:/usr/bin/make "cmTryCompileExec3698774878/fast"
/usr/bin/make -f CMakeFiles/cmTryCompileExec3698774878.dir/build.make CMakeFiles/cmTryCompileExec3698774878.dir/build
make[1]: Entering directory `/home/cvl/catkin_daq/read_imu/build/CMakeFiles/CMakeTmp'
/usr/bin/cmake -E cmake_progress_report /home/cvl/catkin_daq/read_imu/build/CMakeFiles/CMakeTmp/CMakeFiles 1
Building C object CMakeFiles/cmTryCompileExec3698774878.dir/CheckFunctionExists.c.o
/usr/bin/cc   -DCHECK_FUNCTION_EXISTS=pthread_create   -o CMakeFiles/cmTryCompileExec3698774878.dir/CheckFunctionExists.c.o   -c /usr/share/cmake-2.8/Modules/CheckFunctionExists.c
Linking C executable cmTryCompileExec3698774878
/usr/bin/cmake -E cmake_link_script CMakeFiles/cmTryCompileExec3698774878.dir/link.txt --verbose=1
/usr/bin/cc   -DCHECK_FUNCTION_EXISTS=pthread_create    CMakeFiles/cmTryCompileExec3698774878.dir/CheckFunctionExists.c.o  -o cmTryCompileExec3698774878 -rdynamic -lpthreads 
/usr/bin/ld: cannot find -lpthreads
collect2: error: ld returned 1 exit status
make[1]: Leaving directory `/home/cvl/catkin_daq/read_imu/build/CMakeFiles/CMakeTmp'
make[1]: *** [cmTryCompileExec3698774878] Error 1
make: *** [cmTryCompileExec3698774878/fast] Error 2


